18:52:19: Creating resource group General
18:52:19: Creating resource group OgreInternal
18:52:19: Creating resource group OgreAutodetect
18:52:19: SceneManagerFactory for type 'DefaultSceneManager' registered.
18:52:19: Registering ResourceManager for type Material
18:52:19: Registering ResourceManager for type Mesh
18:52:19: Registering ResourceManager for type Skeleton
18:52:19: MovableObjectFactory for type 'ParticleSystem' registered.
18:52:19: ArchiveFactory for type 'FileSystem' registered
18:52:19: ArchiveFactory for type 'Zip' registered
18:52:19: ArchiveFactory for type 'EmbeddedZip' registered
18:52:19: DDS codec registering
18:52:19: ETC codec registering
18:52:19: ASTC codec registering
18:52:19: Registering ResourceManager for type GpuProgram
18:52:19: Registering ResourceManager for type Compositor
18:52:19: MovableObjectFactory for type 'Entity' registered.
18:52:19: MovableObjectFactory for type 'Light' registered.
18:52:19: MovableObjectFactory for type 'BillboardSet' registered.
18:52:19: MovableObjectFactory for type 'ManualObject' registered.
18:52:19: MovableObjectFactory for type 'BillboardChain' registered.
18:52:19: MovableObjectFactory for type 'RibbonTrail' registered.
18:52:19: MovableObjectFactory for type 'StaticGeometry' registered.
18:52:19: MovableObjectFactory for type 'Rectangle2D' registered.
18:52:19: Loading library .\RenderSystem_Direct3D11_d.dll
18:52:19: Installing plugin: D3D11 RenderSystem
18:52:19: D3D11: Direct3D11 Rendering Subsystem created.
18:52:19: D3D11: Driver Detection Starts
18:52:19: D3D11: "NVIDIA GeForce RTX 3050"
18:52:19: D3D11: "Microsoft Basic Render Driver (software)"
18:52:19: D3D11: Driver Detection Ends
18:52:19: Plugin successfully installed
18:52:19: Loading library .\Codec_STBI_d.dll
18:52:19: stb_image - v2.27 - public domain image loader
18:52:19: Supported formats: jpeg,jpg,png,bmp,psd,tga,gif,pic,ppm,pgm,hdr
18:52:19: Loading library .\Plugin_ParticleFX_d.dll
18:52:19: Installing plugin: ParticleFX
18:52:19: Particle Emitter Type 'Point' registered
18:52:19: Particle Emitter Type 'Box' registered
18:52:19: Particle Emitter Type 'Ellipsoid' registered
18:52:19: Particle Emitter Type 'Cylinder' registered
18:52:19: Particle Emitter Type 'Ring' registered
18:52:19: Particle Emitter Type 'HollowEllipsoid' registered
18:52:19: Particle Affector Type 'LinearForce' registered
18:52:20: Particle Affector Type 'ColourFader' registered
18:52:20: Particle Affector Type 'ColourFader2' registered
18:52:20: Particle Affector Type 'ColourImage' registered
18:52:20: Particle Affector Type 'ColourInterpolator' registered
18:52:20: Particle Affector Type 'Scaler' registered
18:52:20: Particle Affector Type 'Rotator' registered
18:52:20: Particle Affector Type 'DirectionRandomiser' registered
18:52:20: Particle Affector Type 'DeflectorPlane' registered
18:52:20: Particle Affector Type 'TextureAnimator' registered
18:52:20: Plugin successfully installed
18:52:20: *-*-* OGRE Initialising
18:52:20: *-*-* Version 13.6.1 (Tsathoggua)
18:52:20: D3D11: RenderSystem Option: Allow NVPerfHUD = No
18:52:20: D3D11: RenderSystem Option: Backbuffer Count = Auto
18:52:20: Error: Option named 'Backbuffer Count' does not exist.
18:52:20: D3D11: RenderSystem Option: Driver type = Hardware
18:52:20: D3D11: RenderSystem Option: FSAA = 2
18:52:20: D3D11: RenderSystem Option: Floating-point mode = Constant
18:52:20: Error: Option named 'Floating-point mode' does not exist.
18:52:20: D3D11: RenderSystem Option: Full Screen = No
18:52:20: D3D11: RenderSystem Option: Information Queue Exceptions Bottom Level = Info (exception on any message)
18:52:20: D3D11: RenderSystem Option: Max Requested Feature Levels = 11.0
18:52:20: D3D11: RenderSystem Option: Min Requested Feature Levels = 9.1
18:52:20: D3D11: RenderSystem Option: Rendering Device = NVIDIA GeForce RTX 3060
18:52:20: D3D11: RenderSystem Option: VSync = No
18:52:20: D3D11: RenderSystem Option: VSync Interval = 1
18:52:20: D3D11: RenderSystem Option: Video Mode = 1920 x 1080 @ 32-bit colour [0]
18:52:20: D3D11: RenderSystem Option: sRGB Gamma Conversion = No
18:52:20: D3D11: RenderSystem Option: Rendering Device = (default)
18:52:20: OverlayElementFactory for type Panel registered.
18:52:20: OverlayElementFactory for type BorderPanel registered.
18:52:20: OverlayElementFactory for type TextArea registered.
18:52:20: Registering ResourceManager for type Font
18:52:20: CPU Identifier & Features
18:52:20: -------------------------
18:52:20:  *   CPU ID: GenuineIntel: Intel(R) Core(TM) i5-10400F CPU @ 2.90GHz
18:52:20:  *          SSE: yes
18:52:20:  *         SSE2: yes
18:52:20:  *         SSE3: yes
18:52:20:  *        SSE41: yes
18:52:20:  *        SSE42: yes
18:52:20:  *          MMX: yes
18:52:20:  *       MMXEXT: yes
18:52:20:  *        3DNOW: no
18:52:20:  *     3DNOWEXT: no
18:52:20:  *         CMOV: yes
18:52:20:  *          TSC: yes
18:52:20:  *INVARIANT TSC: yes
18:52:20:  *          FPU: yes
18:52:20:  *          PRO: yes
18:52:20:  *           HT: no
18:52:20: -------------------------
18:52:20: D3D11: Subsystem Initialising
18:52:20: D3D11: Driver Detection Starts
18:52:20: D3D11: "NVIDIA GeForce RTX 3050"
18:52:20: D3D11: "Microsoft Basic Render Driver (software)"
18:52:20: D3D11: Driver Detection Ends
18:52:20: D3D11: Requested "(default)", selected "NVIDIA GeForce RTX 3050"
18:52:20: D3D11: Device Feature Level 11.0
18:52:20: ***************************************
18:52:20: *** D3D11: Subsystem Initialized OK ***
18:52:20: ***************************************
18:52:20: RenderSystem::_createRenderWindow "AHHHH", 800x600 windowed  miscParams: FSAA=2 externalWindowHandle=265118 gamma=No vsync=No 
18:52:20: D3D11: Created D3D11 Rendering Window 'AHHHH' : 800x600
18:52:20: Warning: D3D11: disabling VSync in windowed mode can cause timing issues at lower frame rates, turn VSync on if you observe this problem.
18:52:20: Registering ResourceManager for type Texture
18:52:20: RenderSystem capabilities
18:52:20: -------------------------
18:52:20: RenderSystem Name: Direct3D11 Rendering Subsystem
18:52:20: GPU Vendor: nvidia
18:52:20: Device Name: NVIDIA GeForce RTX 3050
18:52:20: Driver Version: 31.0.15.3161
18:52:20:  * Fixed function pipeline: no
18:52:20:  * 32-bit index buffers: yes
18:52:20:  * Hardware stencil buffer: yes
18:52:20:    - Two sided stencil support: yes
18:52:20:    - Wrap stencil values: yes
18:52:20:  * Vertex programs: yes
18:52:20:    - Number of constant 4-vectors: 4096
18:52:20:  * Fragment programs: yes
18:52:20:    - Number of constant 4-vectors: 4096
18:52:20:  * Geometry programs: yes
18:52:20:    - Number of constant 4-vectors: 4096
18:52:20:  * Tessellation Hull programs: yes
18:52:20:    - Number of constant 4-vectors: 4096
18:52:20:  * Tessellation Domain programs: yes
18:52:20:    - Number of constant 4-vectors: 4096
18:52:20:  * Compute programs: yes
18:52:20:    - Number of constant 4-vectors: 4096
18:52:20:  * Supported Shader Profiles: cs_4_0 cs_4_1 cs_5_0 ds_5_0 gs_4_0 gs_4_1 gs_5_0 hlsl hs_5_0 ps_2_0 ps_2_a ps_2_b ps_3_0 ps_4_0 ps_4_0_level_9_1 ps_4_0_level_9_3 ps_4_1 ps_5_0 vs_2_0 vs_2_a vs_3_0 vs_4_0 vs_4_0_level_9_1 vs_4_0_level_9_3 vs_4_1 vs_5_0
18:52:20:  * Read-back compiled shader: yes
18:52:20:  * Number of vertex attributes: 32
18:52:20:  * Textures
18:52:20:    - Number of texture units: 16
18:52:20:    - Floating point: yes
18:52:20:    - Non-power-of-two: yes
18:52:20:    - 1D textures: yes
18:52:20:    - 2D array textures: yes
18:52:20:    - 3D textures: yes
18:52:20:    - Anisotropic filtering: yes
18:52:20:  * Texture Compression: yes
18:52:20:    - DXT: yes
18:52:20:    - VTC: no
18:52:20:    - PVRTC: no
18:52:20:    - ATC: no
18:52:20:    - ETC1: no
18:52:20:    - ETC2: no
18:52:20:    - BC4/BC5: no
18:52:20:    - BC6H/BC7: yes
18:52:20:    - ASTC: no
18:52:20:    - Automatic mipmap generation: no
18:52:20:  * Vertex Buffers
18:52:20:    - Render to Vertex Buffer: yes
18:52:20:    - Instance Data: yes
18:52:20:    - Primitive Restart: yes
18:52:20:    - INT_10_10_10_2_NORM element type: no
18:52:20:  * Vertex texture fetch: yes
18:52:20:    - Max vertex textures: 4
18:52:20:    - Vertex textures shared: no
18:52:20:  * Read/Write Buffers: no
18:52:20:  * Hardware Occlusion Query: yes
18:52:20:  * User clip planes: yes
18:52:20:  * Depth clamping: yes
18:52:20:  * Hardware render-to-texture: yes
18:52:20:    - Multiple Render Targets: 8
18:52:20:    - With different bit depths: yes
18:52:20:  * Point Sprites: no
18:52:20:  * Wide Lines: no
18:52:20:  * Hardware Gamma: no
18:52:20: DefaultWorkQueue('Root') initialising on thread 34588.
18:52:20: DefaultWorkQueue('Root')::WorkerFunc - thread 14616 starting.
18:52:20: DefaultWorkQueue('Root')::WorkerFunc - thread 14704 starting.
18:52:20: Particle Renderer Type 'billboard' registered
18:52:20: Added resource location './Assets' of type 'FileSystem' to resource group 'General'
18:52:20: Added resource location './Assets/Mesh' of type 'FileSystem' to resource group 'General'
18:52:20: Added resource location './Assets/Mesh/Area01' of type 'FileSystem' to resource group 'General'
18:52:20: Added resource location './Assets/Mesh/Area02' of type 'FileSystem' to resource group 'General'
18:52:20: Added resource location './Assets/Mesh/Area03' of type 'FileSystem' to resource group 'General'
18:52:20: Added resource location './Assets/Mesh/Area04' of type 'FileSystem' to resource group 'General'
18:52:20: Added resource location './Assets/Mesh/Area05' of type 'FileSystem' to resource group 'General'
18:52:20: Added resource location './Assets/Mesh/Cars' of type 'FileSystem' to resource group 'General'
18:52:20: Added resource location './Assets/Mesh/Environment' of type 'FileSystem' to resource group 'General'
18:52:20: Added resource location './Assets/Mesh/Debug' of type 'FileSystem' to resource group 'General'
18:52:20: Added resource location './Assets/Material' of type 'FileSystem' to resource group 'General'
18:52:20: Added resource location './Assets/Fonts' of type 'FileSystem' to resource group 'General'
18:52:20: Added resource location './Assets/RTShaderLib/materials' of type 'FileSystem' to resource group 'General'
18:52:20: Added resource location './Assets/RTShaderLib/GLSL' of type 'FileSystem' to resource group 'General'
18:52:20: Parsing scripts for resource group General
18:52:20: Parsing script general.program
18:52:20: Parsing script BlackAndWhite.material
18:52:20: Error: ScriptCompiler - reference to a non existing object in BlackAndWhite.material(22): Ogre/Compositor/StdQuad_Tex2_vp
18:52:20: Parsing script FalconRedone.material
18:52:20: Error: ScriptCompiler - unexpected token in FalconRedone.material(132): token "filtering" is not recognized
18:52:20: Error: ScriptCompiler - unexpected token in FalconRedone.material(147): token "filtering" is not recognized
18:52:20: Error: ScriptCompiler - unexpected token in FalconRedone.material(316): token "cull_hardware" is not recognized
18:52:20: Error: ScriptCompiler - unexpected token in FalconRedone.material(317): token "alpha_rejection" is not recognized
18:52:20: Error: ScriptCompiler - unexpected token in FalconRedone.material(352): token "filtering" is not recognized
18:52:20: Error: ScriptCompiler - unexpected token in FalconRedone.material(353): token "max_anisotropy" is not recognized
18:52:20: Warning: ScriptCompiler - deprecated symbol in FalconRedone.material(369): cull_software. Only used by the BSP scene manager.
18:52:20: Parsing script general.material
18:52:20: Error: ScriptCompiler - base object not found in general.material(76): base_material
18:52:20: Error: ScriptCompiler - base object not found in general.material(83): base_material
18:52:20: Error: ScriptCompiler - base object not found in general.material(89): base_material
18:52:20: Warning: ScriptCompiler - deprecated symbol in general.material(78): set_texture_alias. Use 'set $variable value'
18:52:20: Warning: ScriptCompiler - deprecated symbol in general.material(79): set_texture_alias. Use 'set $variable value'
18:52:20: Warning: ScriptCompiler - deprecated symbol in general.material(80): set_texture_alias. Use 'set $variable value'
18:52:20: Warning: ScriptCompiler - deprecated symbol in general.material(85): set_texture_alias. Use 'set $variable value'
18:52:20: Warning: ScriptCompiler - deprecated symbol in general.material(86): set_texture_alias. Use 'set $variable value'
18:52:20: Warning: ScriptCompiler - deprecated symbol in general.material(91): set_texture_alias. Use 'set $variable value'
18:52:20: Warning: ScriptCompiler - deprecated symbol in general.material(92): set_texture_alias. Use 'set $variable value'
18:52:20: Warning: ScriptCompiler - deprecated symbol in general.material(93): set_texture_alias. Use 'set $variable value'
18:52:20: Error: ScriptCompiler - unexpected token in general.material(106): token "colour_op" is not recognized
18:52:20: Error: ScriptCompiler - unexpected token in general.material(127): token "colour_op" is not recognized
18:52:20: Parsing script Hurt.material
18:52:20: Parsing script Invert.material
18:52:20: Error: ScriptCompiler - reference to a non existing object in Invert.material(29): Ogre/Compositor/StdQuad_Tex2a_vp
18:52:20: Parsing script PartMats.material
18:52:20: Error: ScriptCompiler - fewer parameters expected in PartMats.material(15): rotate must have at most 1 argument
18:52:20: Parsing script TrackTest01.material
18:52:20: Parsing script Racers.particle
18:52:20: Can't assign material to ParticleSystem 'Racers/Smoke'. Material 'PartMats/Smoke' not found in group 'OgreAutodetect'. Have you forgotten to define it in a .material script?
18:52:20: Can't assign material to ParticleSystem 'Racers/Fire'. Material 'PartMats/Smoke' not found in group 'OgreAutodetect'. Have you forgotten to define it in a .material script?
18:52:20: Parsing script Examples.compositor
18:52:20: Error: ScriptCompiler - reference to a non existing object in Examples.compositor(25): Ogre/Compositor/BrightPass2
18:52:20: Error: ScriptCompiler - reference to a non existing object in Examples.compositor(38): Ogre/Compositor/BlurV
18:52:20: Error: ScriptCompiler - reference to a non existing object in Examples.compositor(51): Ogre/Compositor/BlurH
18:52:20: Error: ScriptCompiler - reference to a non existing object in Examples.compositor(64): Ogre/Compositor/BloomBlend2
18:52:20: Error: ScriptCompiler - reference to a non existing object in Examples.compositor(88): Ogre/Compositor/GlassPass
18:52:20: Error: ScriptCompiler - reference to a non existing object in Examples.compositor(114): Ogre/Compositor/OldTV
18:52:20: Error: ScriptCompiler - reference to a non existing object in Examples.compositor(172): Ogre/Compositor/DOF_Blur
18:52:20: Error: ScriptCompiler - reference to a non existing object in Examples.compositor(184): Ogre/Compositor/DOF_Blend
18:52:20: Error: ScriptCompiler - reference to a non existing object in Examples.compositor(215): Ogre/Compositor/Embossed
18:52:20: Error: ScriptCompiler - reference to a non existing object in Examples.compositor(244): Ogre/Compositor/SharpenEdges
18:52:20: Error: ScriptCompiler - reference to a non existing object in Examples.compositor(302): Ogre/Compositor/Posterize
18:52:20: Error: ScriptCompiler - reference to a non existing object in Examples.compositor(331): Ogre/Compositor/Laplace
18:52:20: Error: ScriptCompiler - reference to a non existing object in Examples.compositor(360): Ogre/Compositor/Tiling
18:52:20: Error: ScriptCompiler - reference to a non existing object in Examples.compositor(389): Ogre/Compositor/OldMovie
18:52:20: Error: ScriptCompiler - reference to a non existing object in Examples.compositor(445): Ogre/Compositor/HDR/Downsample2x2Luminence
18:52:20: Error: ScriptCompiler - reference to a non existing object in Examples.compositor(456): Ogre/Compositor/HDR/Downsample3x3
18:52:20: Error: ScriptCompiler - reference to a non existing object in Examples.compositor(467): Ogre/Compositor/HDR/Downsample3x3
18:52:20: Error: ScriptCompiler - reference to a non existing object in Examples.compositor(478): Ogre/Compositor/HDR/Downsample3x3
18:52:20: Error: ScriptCompiler - reference to a non existing object in Examples.compositor(489): Ogre/Compositor/HDR/Downsample3x3
18:52:20: Error: ScriptCompiler - reference to a non existing object in Examples.compositor(502): Ogre/Compositor/HDR/Downsample3x3Brightpass
18:52:20: Error: ScriptCompiler - reference to a non existing object in Examples.compositor(515): Ogre/Compositor/HDR/GaussianBloom
18:52:20: Error: ScriptCompiler - reference to a non existing object in Examples.compositor(526): Ogre/Compositor/HDR/GaussianBloom
18:52:20: Error: ScriptCompiler - reference to a non existing object in Examples.compositor(541): Ogre/Compositor/HDR/ToneMapping
18:52:20: Error: ScriptCompiler - reference to a non existing object in Examples.compositor(577): Ogre/Compositor/HDR/GaussianBloom
18:52:20: Error: ScriptCompiler - reference to a non existing object in Examples.compositor(591): Ogre/Compositor/HDR/GaussianBloom
18:52:20: Error: ScriptCompiler - reference to a non existing object in Examples.compositor(628): Ogre/MRTtest/quad
18:52:20: Error: ScriptCompiler - reference to a non existing object in Examples.compositor(663): Ogre/Compositor/Radial_Blur
18:52:20: Error: ScriptCompiler - reference to a non existing object in Examples.compositor(691): Ogre/Compositor/ASCII
18:52:20: Error: ScriptCompiler - reference to a non existing object in Examples.compositor(720): Ogre/Compositor/Halftone
18:52:20: Error: ScriptCompiler - reference to a non existing object in Examples.compositor(745): Ogre/Compositor/NightVision
18:52:20: Error: ScriptCompiler - reference to a non existing object in Examples.compositor(770): Ogre/Compositor/Dither
18:52:20: Error: ScriptCompiler - reference to a non existing object in Examples.compositor(788): Compute/Compositor
18:52:20: Error: ScriptCompiler - reference to a non existing object in Examples.compositor(888): Compositor/Copy
18:52:20: Error: ScriptCompiler - reference to a non existing object in Examples.compositor(893): Compositor/WBOIT
18:52:20: Parsing script AllFonts.fontdef
18:52:20: Error: ScriptCompiler - unexpected token in AllFonts.fontdef(1): 'Roboto'. If this is a legacy script you must prepend the type (e.g. font, overlay).
18:52:20: Error: ScriptCompiler - unexpected token in AllFonts.fontdef(8): 'BrunoAce'. If this is a legacy script you must prepend the type (e.g. font, overlay).
18:52:20: Error: ScriptCompiler - unexpected token in AllFonts.fontdef(15): 'Heavitas'. If this is a legacy script you must prepend the type (e.g. font, overlay).
18:52:20: Finished parsing scripts for resource group General
18:52:20: Creating resources for group General
18:52:20: All done
18:52:20: Parsing scripts for resource group OgreAutodetect
18:52:20: Finished parsing scripts for resource group OgreAutodetect
18:52:20: Creating resources for group OgreAutodetect
18:52:20: All done
18:52:20: Parsing scripts for resource group OgreInternal
18:52:20: Finished parsing scripts for resource group OgreInternal
18:52:20: Creating resources for group OgreInternal
18:52:20: All done
18:52:20: Warning: force-disabling 'lighting' and 'depth_check' of Material BaseWhite for use with OverlayElement UIContainer2
18:52:20: Texture 'PanelTest.png': Loading 1 faces(PF_A8B8G8R8,512x256x1) with 9 generated mipmaps from Image. Internal format is PF_A8B8G8R8,512x256x1.
18:52:20: Warning: force-disabling 'lighting' and 'depth_check' of Material UIPanel for use with OverlayElement UIContainer2
18:52:20: Texture 'FinalMenuBack.png': Loading 1 faces(PF_A8B8G8R8,2560x1440x1) with 11 generated mipmaps from Image. Internal format is PF_A8B8G8R8,2560x1440x1.
18:52:20: Warning: force-disabling 'lighting' and 'depth_check' of Material MenuBack for use with OverlayElement UIContainer5
18:52:20: Mesh: Loading BlueFalcon.mesh.
18:52:20: Texture 'Falcon_Atlas_t.png': Loading 1 faces(PF_A8B8G8R8,256x256x1) with 8 generated mipmaps from Image. Internal format is PF_A8B8G8R8,256x256x1.
18:52:20: Texture 'HeavitasTexture': Loading 1 faces(PF_BYTE_LA,4096x2048x1) with 0 custom mipmaps from Image. Internal format is PF_A8B8G8R8,4096x2048x1.
18:52:21: Warnings while compiling D3D11 high-level shader d5037074be783086858d1a9ab9afbfa3_FS:
FFPLib_AlphaTest.glsl(33,37): warning X4000: use of potentially uninitialized variable (Alpha_Func)

18:52:22: Unregistering ResourceManager for type Font
18:52:22: DefaultWorkQueue('Root') shutting down on thread 34588.
18:52:22: DefaultWorkQueue('Root')::WorkerFunc - thread 14704 stopped.
18:52:22: DefaultWorkQueue('Root')::WorkerFunc - thread 14616 stopped.
18:52:22: *-*-* OGRE Shutdown
18:52:22: Unregistering ResourceManager for type Compositor
18:52:22: Unregistering ResourceManager for type Material
18:52:22: Unregistering ResourceManager for type GpuProgram
18:52:22: Uninstalling plugin: ParticleFX
18:52:22: Plugin successfully uninstalled
18:52:22: Unloading library .\Plugin_ParticleFX
18:52:22: Unloading library .\Codec_STBI
18:52:22: Uninstalling plugin: D3D11 RenderSystem
18:52:22: D3D11: Shutting down cleanly.
18:52:22: Unregistering ResourceManager for type Texture
18:52:22: D3D11: Direct3D11 Rendering Subsystem destroyed.
18:52:22: Plugin successfully uninstalled
18:52:22: Unloading library .\RenderSystem_Direct3D11
18:52:22: Unregistering ResourceManager for type Skeleton
18:52:22: Unregistering ResourceManager for type Mesh
